<?xml version="1.0" encoding="UTF-8"?>
<!-- Generated by org.testng.reporters.JUnitReportReporter -->
<testsuite hostname="DESKTOP-QVM6J4J" failures="0" tests="1" name="com.Test.Test_1" time="0.005" errors="0" timestamp="2023-06-15T09:07:56 IST" skipped="0">
  <testcase classname="com.Test.Test_1" name="test_2" time="0.005"/>
  <system-out/>
</testsuite> <!-- com.Test.Test_1 -->
