<?xml version="1.0" encoding="UTF-8"?>
<!-- Generated by org.testng.reporters.JUnitReportReporter -->
<testsuite hostname="DESKTOP-QVM6J4J" failures="0" tests="2" name="com.Test.Test_8" time="0.001" errors="0" timestamp="2023-06-17T09:09:12 IST" skipped="0">
  <testcase classname="com.Test.Test_8" name="t2" time="0.001"/>
  <system-out/>
  <testcase classname="com.Test.Test_8" name="t1" time="0.000"/>
  <system-out/>
</testsuite> <!-- com.Test.Test_8 -->
