<?xml version="1.0" encoding="UTF-8"?>
<!-- Generated by org.testng.reporters.JUnitReportReporter -->
<testsuite hostname="DESKTOP-QVM6J4J" failures="0" tests="1" name="com.Test.Test_5" time="0.005" errors="0" timestamp="2023-06-17T09:09:12 IST" skipped="0">
  <testcase classname="com.Test.Test_5" name="p1" time="0.005"/>
  <system-out/>
</testsuite> <!-- com.Test.Test_5 -->
