<?xml version="1.0" encoding="UTF-8"?>
<!-- Generated by org.testng.reporters.JUnitReportReporter -->
<testsuite hostname="DESKTOP-QVM6J4J" failures="0" tests="4" name="com.Test.Test_11" time="20.986" errors="0" timestamp="2023-06-19T09:10:38 IST" skipped="0">
  <testcase classname="com.Test.Test_11" name="w1" time="3.527"/>
  <system-out/>
  <testcase classname="com.Test.Test_11" name="w2" time="5.977"/>
  <system-out/>
  <testcase classname="com.Test.Test_11" name="w1" time="5.320"/>
  <system-out/>
  <testcase classname="com.Test.Test_11" name="w3" time="6.162"/>
  <system-out/>
</testsuite> <!-- com.Test.Test_11 -->
