<?xml version="1.0" encoding="UTF-8"?>
<!-- Generated by org.testng.reporters.JUnitReportReporter -->
<testsuite hostname="DESKTOP-QVM6J4J" failures="0" tests="1" name="com.TestLogin.VerifyHomePageTest" time="6.139" errors="0" timestamp="2023-06-24T20:26:35 IST" skipped="0">
  <testcase classname="com.TestLogin.VerifyHomePageTest" name="verifyHomepage" time="6.139"/>
  <system-out/>
</testsuite> <!-- com.TestLogin.VerifyHomePageTest -->
