<?xml version="1.0" encoding="UTF-8"?>
<!-- Generated by org.testng.reporters.JUnitReportReporter -->
<testsuite hostname="DESKTOP-QVM6J4J" failures="0" tests="1" name="com.TestLogin.VerifyTestLogin" time="8.175" errors="0" timestamp="2023-06-28T09:34:38 IST" skipped="0">
  <testcase classname="com.TestLogin.VerifyTestLogin" name="verify_loginFB" time="8.175"/>
  <system-out/>
</testsuite> <!-- com.TestLogin.VerifyTestLogin -->
