<?xml version="1.0" encoding="UTF-8"?>
<!-- Generated by org.testng.reporters.JUnitReportReporter -->
<testsuite hostname="DESKTOP-QVM6J4J" failures="0" tests="1" name="com.Test.Test_7" time="0.000" errors="0" timestamp="2023-06-17T09:09:12 IST" skipped="0">
  <testcase classname="com.Test.Test_7" name="q1" time="0.000"/>
  <system-out/>
</testsuite> <!-- com.Test.Test_7 -->
