<?xml version="1.0" encoding="UTF-8"?>
<!-- Generated by org.testng.reporters.JUnitReportReporter -->
<testsuite hostname="DESKTOP-QVM6J4J" failures="0" tests="5" name="com.Test.Test_2" time="16.216" errors="0" timestamp="2023-06-15T09:07:56 IST" skipped="1">
  <testcase classname="com.Test.Test_2" name="verify_logina" time="3.930"/>
  <system-out/>
  <testcase classname="com.Test.Test_2" name="verify_loginz" time="3.923"/>
  <system-out/>
  <testcase classname="com.Test.Test_2" name="verify_loginz" time="3.791"/>
  <system-out/>
  <testcase classname="com.Test.Test_2" name="verify_loginz" time="4.572"/>
  <system-out/>
  <testcase classname="com.Test.Test_2" name="verify_loginc">
    <skipped/>
  </testcase> <!-- verify_loginc -->
  <system-out/>
</testsuite> <!-- com.Test.Test_2 -->
