<?xml version="1.0" encoding="UTF-8"?>
<!-- Generated by org.testng.reporters.JUnitReportReporter -->
<testsuite hostname="DESKTOP-QVM6J4J" failures="0" tests="1" name="com.Test.Test_4" time="0.001" errors="0" timestamp="2023-06-15T09:07:56 IST" skipped="0">
  <testcase classname="com.Test.Test_4" name="m1" time="0.001"/>
  <system-out/>
</testsuite> <!-- com.Test.Test_4 -->
