<?xml version="1.0" encoding="UTF-8"?>
<!-- Generated by org.testng.reporters.JUnitReportReporter -->
<testsuite hostname="DESKTOP-QVM6J4J" failures="0" tests="4" name="com.Test.Test_9" time="19.566" errors="0" timestamp="2023-06-19T09:10:38 IST" skipped="0">
  <testcase classname="com.Test.Test_9" name="r1" time="3.507"/>
  <system-out/>
  <testcase classname="com.Test.Test_9" name="r1" time="5.968"/>
  <system-out/>
  <testcase classname="com.Test.Test_9" name="r2" time="6.409"/>
  <system-out/>
  <testcase classname="com.Test.Test_9" name="r2" time="3.682"/>
  <system-out/>
</testsuite> <!-- com.Test.Test_9 -->
