<?xml version="1.0" encoding="UTF-8"?>
<!-- Generated by org.testng.reporters.JUnitReportReporter -->
<testsuite hostname="DESKTOP-QVM6J4J" failures="0" tests="1" name="com.Test.Test_15" time="5.395" errors="0" timestamp="2023-06-23T09:00:23 IST" skipped="0">
  <testcase classname="com.Test.Test_15" name="verify_loginFB" time="5.395"/>
  <system-out/>
</testsuite> <!-- com.Test.Test_15 -->
